<?xml version="1.0" encoding="UTF-8"?>
<!-- Generated by org.testng.reporters.JUnitReportReporter -->
<testsuite hostname="DESKTOP-J4MDNS6" failures="0" tests="8" name="testingClass_51Cases.myAccountLoginTests" time="44.403" errors="0" timestamp="2022-06-05T15:48:46 EDT" skipped="0">
  <testcase classname="testingClass_51Cases.myAccountLoginTests" name="loginWithUserNameAndPassword" time="7.325"/>
  <system-out/>
  <testcase classname="testingClass_51Cases.myAccountLoginTests" name="LoginWithIncorrectUsernameAndIncorrectPassword" time="4.977"/>
  <system-out/>
  <testcase classname="testingClass_51Cases.myAccountLoginTests" name="LoginWithCorrectUsernameAndEmptyPassword" time="4.575"/>
  <system-out/>
  <testcase classname="testingClass_51Cases.myAccountLoginTests" name="LoginWithEmptyUsernameAndCorrectPassword" time="7.362"/>
  <system-out/>
  <testcase classname="testingClass_51Cases.myAccountLoginTests" name="LoginWithEmptyUsernameAndEmptyPassword" time="3.592"/>
  <system-out/>
  <testcase classname="testingClass_51Cases.myAccountLoginTests" name="LoginPasswordshouldBeMasked" time="3.276"/>
  <system-out/>
  <testcase classname="testingClass_51Cases.myAccountLoginTests" name="LoginHandlesCaseSensitive" time="4.855"/>
  <system-out/>
  <testcase classname="testingClass_51Cases.myAccountLoginTests" name="LoginAuthentication" time="8.441"/>
  <system-out/>
</testsuite> <!-- testingClass_51Cases.myAccountLoginTests -->
