<?xml version="1.0" encoding="UTF-8"?>
<!-- Generated by org.testng.reporters.JUnitReportReporter -->
<testsuite hostname="DESKTOP-J4MDNS6" failures="0" tests="1" name="amazonProjectTest.AmazonLoginTest" time="3.709" errors="0" timestamp="2022-06-04T12:44:53 EDT" skipped="0">
  <testcase classname="amazonProjectTest.AmazonLoginTest" name="test" time="3.709"/>
  <system-out/>
</testsuite> <!-- amazonProjectTest.AmazonLoginTest -->
