<?xml version="1.0" encoding="UTF-8"?>
<!-- Generated by org.testng.reporters.JUnitReportReporter -->
<testsuite hostname="DESKTOP-J4MDNS6" failures="0" tests="1" name="testingClass_51Cases.shopTests" time="0.127" errors="0" timestamp="2022-06-06T20:55:36 EDT" skipped="0">
  <testcase classname="testingClass_51Cases.shopTests" name="ShopFilterByPriceFunctionality" time="0.127"/>
  <system-out/>
</testsuite> <!-- testingClass_51Cases.shopTests -->
